CRITICAL - 2023-04-18 01:06:37 --> Too few arguments to function App\Controllers\Up::view(), 0 passed in /var/www/Panel/system/CodeIgniter.php on line 934 and exactly 1 expected
in APPPATH/Controllers/Up.php on line 52.
 1 SYSTEMPATH/CodeIgniter.php(934): App\Controllers\Up->view()
 2 SYSTEMPATH/CodeIgniter.php(499): CodeIgniter\CodeIgniter->runController()
 3 SYSTEMPATH/CodeIgniter.php(368): CodeIgniter\CodeIgniter->handleRequest()
 4 FCPATH/index.php(67): CodeIgniter\CodeIgniter->run()
CRITICAL - 2023-04-18 04:07:44 --> syntax error, unexpected token "}", expecting ";"
in APPPATH/Controllers/User.php on line 18.
 1 SYSTEMPATH/Autoloader/Autoloader.php(289): CodeIgniter\Autoloader\Autoloader->includeFile()
 2 SYSTEMPATH/Autoloader/Autoloader.php(267): CodeIgniter\Autoloader\Autoloader->loadInNamespace()
 3 [internal function]: CodeIgniter\Autoloader\Autoloader->loadClass()
 4 SYSTEMPATH/CodeIgniter.php(892): class_exists()
 5 SYSTEMPATH/CodeIgniter.php(486): CodeIgniter\CodeIgniter->startController()
 6 SYSTEMPATH/CodeIgniter.php(368): CodeIgniter\CodeIgniter->handleRequest()
 7 FCPATH/index.php(67): CodeIgniter\CodeIgniter->run()
CRITICAL - 2023-04-18 04:08:08 --> view(): Argument #2 ($data) must be of type array, string given, called in /var/www/Panel/app/Controllers/User.php on line 17
in SYSTEMPATH/Common.php on line 1172.
 1 APPPATH/Controllers/User.php(17): view()
 2 SYSTEMPATH/CodeIgniter.php(934): App\Controllers\User->login()
 3 SYSTEMPATH/CodeIgniter.php(499): CodeIgniter\CodeIgniter->runController()
 4 SYSTEMPATH/CodeIgniter.php(368): CodeIgniter\CodeIgniter->handleRequest()
 5 FCPATH/index.php(67): CodeIgniter\CodeIgniter->run()
CRITICAL - 2023-04-18 04:08:46 --> Invalid file: "error.php"
in SYSTEMPATH/Exceptions/FrameworkException.php on line 33.
 1 SYSTEMPATH/View/View.php(201): CodeIgniter\Exceptions\FrameworkException::forInvalidFile()
 2 SYSTEMPATH/Common.php(1184): CodeIgniter\View\View->render()
 3 APPPATH/Controllers/User.php(17): view()
 4 SYSTEMPATH/CodeIgniter.php(934): App\Controllers\User->login()
 5 SYSTEMPATH/CodeIgniter.php(499): CodeIgniter\CodeIgniter->runController()
 6 SYSTEMPATH/CodeIgniter.php(368): CodeIgniter\CodeIgniter->handleRequest()
 7 FCPATH/index.php(67): CodeIgniter\CodeIgniter->run()
CRITICAL - 2023-04-18 04:48:11 --> mime_content_type(/var/www/Panel/writable/avatar/zeusircd): Failed to open stream: Permission denied
in APPPATH/Controllers/Up.php on line 59.
 1 [internal function]: CodeIgniter\Debug\Exceptions->errorHandler()
 2 APPPATH/Controllers/Up.php(59): mime_content_type()
 3 SYSTEMPATH/CodeIgniter.php(934): App\Controllers\Up->view()
 4 SYSTEMPATH/CodeIgniter.php(499): CodeIgniter\CodeIgniter->runController()
 5 SYSTEMPATH/CodeIgniter.php(368): CodeIgniter\CodeIgniter->handleRequest()
 6 FCPATH/index.php(67): CodeIgniter\CodeIgniter->run()
CRITICAL - 2023-04-18 04:48:13 --> mime_content_type(/var/www/Panel/writable/avatar/zeusircd): Failed to open stream: Permission denied
in APPPATH/Controllers/Up.php on line 59.
 1 [internal function]: CodeIgniter\Debug\Exceptions->errorHandler()
 2 APPPATH/Controllers/Up.php(59): mime_content_type()
 3 SYSTEMPATH/CodeIgniter.php(934): App\Controllers\Up->view()
 4 SYSTEMPATH/CodeIgniter.php(499): CodeIgniter\CodeIgniter->runController()
 5 SYSTEMPATH/CodeIgniter.php(368): CodeIgniter\CodeIgniter->handleRequest()
 6 FCPATH/index.php(67): CodeIgniter\CodeIgniter->run()
CRITICAL - 2023-04-18 04:48:34 --> mime_content_type(/var/www/Panel/writable/avatar/zeusircd): Failed to open stream: Permission denied
in APPPATH/Controllers/Up.php on line 59.
 1 [internal function]: CodeIgniter\Debug\Exceptions->errorHandler()
 2 APPPATH/Controllers/Up.php(59): mime_content_type()
 3 SYSTEMPATH/CodeIgniter.php(934): App\Controllers\Up->view()
 4 SYSTEMPATH/CodeIgniter.php(499): CodeIgniter\CodeIgniter->runController()
 5 SYSTEMPATH/CodeIgniter.php(368): CodeIgniter\CodeIgniter->handleRequest()
 6 FCPATH/index.php(67): CodeIgniter\CodeIgniter->run()
CRITICAL - 2023-04-18 09:49:50 --> syntax error, unexpected token "echo"
in APPPATH/Views/error.php on line 18.
 1 SYSTEMPATH/View/View.php(216): CodeIgniter\View\View->CodeIgniter\View\{closure}()
 2 SYSTEMPATH/Common.php(1184): CodeIgniter\View\View->render()
 3 APPPATH/Controllers/User.php(17): view()
 4 SYSTEMPATH/CodeIgniter.php(934): App\Controllers\User->login()
 5 SYSTEMPATH/CodeIgniter.php(499): CodeIgniter\CodeIgniter->runController()
 6 SYSTEMPATH/CodeIgniter.php(368): CodeIgniter\CodeIgniter->handleRequest()
 7 FCPATH/index.php(67): CodeIgniter\CodeIgniter->run()
CRITICAL - 2023-04-18 09:50:16 --> syntax error, unexpected token "else", expecting "," or ";"
in APPPATH/Views/error.php on line 18.
 1 SYSTEMPATH/View/View.php(216): CodeIgniter\View\View->CodeIgniter\View\{closure}()
 2 SYSTEMPATH/Common.php(1184): CodeIgniter\View\View->render()
 3 APPPATH/Controllers/User.php(17): view()
 4 SYSTEMPATH/CodeIgniter.php(934): App\Controllers\User->login()
 5 SYSTEMPATH/CodeIgniter.php(499): CodeIgniter\CodeIgniter->runController()
 6 SYSTEMPATH/CodeIgniter.php(368): CodeIgniter\CodeIgniter->handleRequest()
 7 FCPATH/index.php(67): CodeIgniter\CodeIgniter->run()
CRITICAL - 2023-04-18 12:34:11 --> Undefined property: App\Controllers\User::$http
in APPPATH/Controllers/User.php on line 20.
 1 APPPATH/Controllers/User.php(20): CodeIgniter\Debug\Exceptions->errorHandler()
 2 SYSTEMPATH/CodeIgniter.php(934): App\Controllers\User->login()
 3 SYSTEMPATH/CodeIgniter.php(499): CodeIgniter\CodeIgniter->runController()
 4 SYSTEMPATH/CodeIgniter.php(368): CodeIgniter\CodeIgniter->handleRequest()
 5 FCPATH/index.php(67): CodeIgniter\CodeIgniter->run()
CRITICAL - 2023-04-18 12:35:29 --> Undefined property: App\Controllers\User::$http
in APPPATH/Controllers/User.php on line 21.
 1 APPPATH/Controllers/User.php(21): CodeIgniter\Debug\Exceptions->errorHandler()
 2 SYSTEMPATH/CodeIgniter.php(934): App\Controllers\User->login()
 3 SYSTEMPATH/CodeIgniter.php(499): CodeIgniter\CodeIgniter->runController()
 4 SYSTEMPATH/CodeIgniter.php(368): CodeIgniter\CodeIgniter->handleRequest()
 5 FCPATH/index.php(67): CodeIgniter\CodeIgniter->run()
CRITICAL - 2023-04-18 12:36:28 --> CURL must be enabled to use the CURLRequest class.
in SYSTEMPATH/HTTP/CURLRequest.php on line 103.
 1 SYSTEMPATH/HTTP/CURLRequest.php(103): CodeIgniter\HTTP\Exceptions\HTTPException::forMissingCurl()
 2 SYSTEMPATH/Config/Services.php(199): CodeIgniter\HTTP\CURLRequest->__construct()
 3 SYSTEMPATH/Config/BaseService.php(252): CodeIgniter\Config\Services::curlrequest()
 4 SYSTEMPATH/Config/BaseService.php(193): CodeIgniter\Config\BaseService::__callStatic()
 5 SYSTEMPATH/Config/Services.php(192): CodeIgniter\Config\BaseService::getSharedInstance()
 6 SYSTEMPATH/Config/BaseService.php(252): CodeIgniter\Config\Services::curlrequest()
 7 APPPATH/Controllers/User.php(10): CodeIgniter\Config\BaseService::__callStatic()
 8 SYSTEMPATH/CodeIgniter.php(906): App\Controllers\User->__construct()
 9 SYSTEMPATH/CodeIgniter.php(490): CodeIgniter\CodeIgniter->createController()
10 SYSTEMPATH/CodeIgniter.php(368): CodeIgniter\CodeIgniter->handleRequest()
11 FCPATH/index.php(67): CodeIgniter\CodeIgniter->run()
CRITICAL - 2023-04-18 12:37:46 --> 7 : Failed to connect to localhost port 8000 after 0 ms: Connection refused
in SYSTEMPATH/HTTP/CURLRequest.php on line 666.
 1 SYSTEMPATH/HTTP/CURLRequest.php(666): CodeIgniter\HTTP\Exceptions\HTTPException::forCurlError()
 2 SYSTEMPATH/HTTP/CURLRequest.php(372): CodeIgniter\HTTP\CURLRequest->sendRequest()
 3 SYSTEMPATH/HTTP/CURLRequest.php(134): CodeIgniter\HTTP\CURLRequest->send()
 4 SYSTEMPATH/HTTP/CURLRequest.php(167): CodeIgniter\HTTP\CURLRequest->request()
 5 APPPATH/Controllers/User.php(26): CodeIgniter\HTTP\CURLRequest->get()
 6 SYSTEMPATH/CodeIgniter.php(934): App\Controllers\User->login()
 7 SYSTEMPATH/CodeIgniter.php(499): CodeIgniter\CodeIgniter->runController()
 8 SYSTEMPATH/CodeIgniter.php(368): CodeIgniter\CodeIgniter->handleRequest()
 9 FCPATH/index.php(67): CodeIgniter\CodeIgniter->run()
CRITICAL - 2023-04-18 12:38:09 --> 7 : Failed to connect to localhost port 8000 after 0 ms: Connection refused
in SYSTEMPATH/HTTP/CURLRequest.php on line 666.
 1 SYSTEMPATH/HTTP/CURLRequest.php(666): CodeIgniter\HTTP\Exceptions\HTTPException::forCurlError()
 2 SYSTEMPATH/HTTP/CURLRequest.php(372): CodeIgniter\HTTP\CURLRequest->sendRequest()
 3 SYSTEMPATH/HTTP/CURLRequest.php(134): CodeIgniter\HTTP\CURLRequest->send()
 4 SYSTEMPATH/HTTP/CURLRequest.php(167): CodeIgniter\HTTP\CURLRequest->request()
 5 APPPATH/Controllers/User.php(26): CodeIgniter\HTTP\CURLRequest->get()
 6 SYSTEMPATH/CodeIgniter.php(934): App\Controllers\User->login()
 7 SYSTEMPATH/CodeIgniter.php(499): CodeIgniter\CodeIgniter->runController()
 8 SYSTEMPATH/CodeIgniter.php(368): CodeIgniter\CodeIgniter->handleRequest()
 9 FCPATH/index.php(67): CodeIgniter\CodeIgniter->run()
CRITICAL - 2023-04-18 12:42:59 --> 56 : Recv failure: Connection reset by peer
in SYSTEMPATH/HTTP/CURLRequest.php on line 666.
 1 SYSTEMPATH/HTTP/CURLRequest.php(666): CodeIgniter\HTTP\Exceptions\HTTPException::forCurlError()
 2 SYSTEMPATH/HTTP/CURLRequest.php(372): CodeIgniter\HTTP\CURLRequest->sendRequest()
 3 SYSTEMPATH/HTTP/CURLRequest.php(134): CodeIgniter\HTTP\CURLRequest->send()
 4 SYSTEMPATH/HTTP/CURLRequest.php(167): CodeIgniter\HTTP\CURLRequest->request()
 5 APPPATH/Controllers/User.php(26): CodeIgniter\HTTP\CURLRequest->get()
 6 SYSTEMPATH/CodeIgniter.php(934): App\Controllers\User->login()
 7 SYSTEMPATH/CodeIgniter.php(499): CodeIgniter\CodeIgniter->runController()
 8 SYSTEMPATH/CodeIgniter.php(368): CodeIgniter\CodeIgniter->handleRequest()
 9 FCPATH/index.php(67): CodeIgniter\CodeIgniter->run()
CRITICAL - 2023-04-18 21:28:25 --> Undefined variable $data
in APPPATH/Controllers/User.php on line 30.
 1 APPPATH/Controllers/User.php(30): CodeIgniter\Debug\Exceptions->errorHandler()
 2 SYSTEMPATH/CodeIgniter.php(934): App\Controllers\User->login()
 3 SYSTEMPATH/CodeIgniter.php(499): CodeIgniter\CodeIgniter->runController()
 4 SYSTEMPATH/CodeIgniter.php(368): CodeIgniter\CodeIgniter->handleRequest()
 5 FCPATH/index.php(67): CodeIgniter\CodeIgniter->run()
